<?xml version="1.0" encoding="UTF-8"?>
<testsuite xmlns:xsi="http://www.w3.org/2001/XMLSchema-instance" xsi:noNamespaceSchemaLocation="https://maven.apache.org/surefire/maven-surefire-plugin/xsd/surefire-test-report-3.0.xsd" version="3.0" name="com.udacity.catpoint.security.service.SecurityServiceTest" time="9.352" tests="17" errors="0" skipped="0" failures="0">
  <properties>
    <property name="java.specification.version" value="17"/>
    <property name="sun.cpu.isalist" value="amd64"/>
    <property name="sun.jnu.encoding" value="Cp1252"/>
    <property name="java.class.path" value="D:\THACH_NGUYEN\JAVA_PROGRAMING\Project_3\catpoint-parent\SecurityService\target\test-classes;C:\Users\Admin\.m2\repository\software\amazon\awssdk\annotations\2.20.148\annotations-2.20.148.jar;C:\Users\Admin\.m2\repository\software\amazon\awssdk\utils\2.20.148\utils-2.20.148.jar;C:\Users\Admin\.m2\repository\org\reactivestreams\reactive-streams\1.0.4\reactive-streams-1.0.4.jar;C:\Users\Admin\.m2\repository\software\amazon\awssdk\profiles\2.20.148\profiles-2.20.148.jar;C:\Users\Admin\.m2\repository\software\amazon\awssdk\http-client-spi\2.20.148\http-client-spi-2.20.148.jar;C:\Users\Admin\.m2\repository\software\amazon\awssdk\json-utils\2.20.148\json-utils-2.20.148.jar;C:\Users\Admin\.m2\repository\software\amazon\awssdk\third-party-jackson-core\2.20.148\third-party-jackson-core-2.20.148.jar;C:\Users\Admin\.m2\repository\software\amazon\eventstream\eventstream\1.0.1\eventstream-1.0.1.jar;C:\Users\Admin\.m2\repository\software\amazon\awssdk\aws-json-protocol\2.20.148\aws-json-protocol-2.20.148.jar;C:\Users\Admin\.m2\repository\software\amazon\awssdk\protocol-core\2.20.148\protocol-core-2.20.148.jar;C:\Users\Admin\.m2\repository\software\amazon\awssdk\aws-core\2.20.148\aws-core-2.20.148.jar;C:\Users\Admin\.m2\repository\software\amazon\awssdk\metrics-spi\2.20.148\metrics-spi-2.20.148.jar;C:\Users\Admin\.m2\repository\software\amazon\awssdk\endpoints-spi\2.20.148\endpoints-spi-2.20.148.jar;C:\Users\Admin\.m2\repository\software\amazon\awssdk\apache-client\2.20.148\apache-client-2.20.148.jar;C:\Users\Admin\.m2\repository\org\apache\httpcomponents\httpclient\4.5.13\httpclient-4.5.13.jar;C:\Users\Admin\.m2\repository\commons-logging\commons-logging\1.2\commons-logging-1.2.jar;C:\Users\Admin\.m2\repository\org\apache\httpcomponents\httpcore\4.4.13\httpcore-4.4.13.jar;C:\Users\Admin\.m2\repository\commons-codec\commons-codec\1.15\commons-codec-1.15.jar;C:\Users\Admin\.m2\repository\software\amazon\awssdk\netty-nio-client\2.20.148\netty-nio-client-2.20.148.jar;C:\Users\Admin\.m2\repository\io\netty\netty-codec-http\4.1.94.Final\netty-codec-http-4.1.94.Final.jar;C:\Users\Admin\.m2\repository\io\netty\netty-codec-http2\4.1.94.Final\netty-codec-http2-4.1.94.Final.jar;C:\Users\Admin\.m2\repository\io\netty\netty-codec\4.1.94.Final\netty-codec-4.1.94.Final.jar;C:\Users\Admin\.m2\repository\io\netty\netty-transport\4.1.94.Final\netty-transport-4.1.94.Final.jar;C:\Users\Admin\.m2\repository\io\netty\netty-common\4.1.94.Final\netty-common-4.1.94.Final.jar;C:\Users\Admin\.m2\repository\io\netty\netty-buffer\4.1.94.Final\netty-buffer-4.1.94.Final.jar;C:\Users\Admin\.m2\repository\io\netty\netty-handler\4.1.94.Final\netty-handler-4.1.94.Final.jar;C:\Users\Admin\.m2\repository\io\netty\netty-transport-native-unix-common\4.1.94.Final\netty-transport-native-unix-common-4.1.94.Final.jar;C:\Users\Admin\.m2\repository\io\netty\netty-transport-classes-epoll\4.1.94.Final\netty-transport-classes-epoll-4.1.94.Final.jar;C:\Users\Admin\.m2\repository\io\netty\netty-resolver\4.1.94.Final\netty-resolver-4.1.94.Final.jar;C:\Users\Admin\.m2\repository\com\google\guava\failureaccess\1.0.1\failureaccess-1.0.1.jar;C:\Users\Admin\.m2\repository\com\google\guava\listenablefuture\9999.0-empty-to-avoid-conflict-with-guava\listenablefuture-9999.0-empty-to-avoid-conflict-with-guava.jar;C:\Users\Admin\.m2\repository\com\google\code\findbugs\jsr305\3.0.2\jsr305-3.0.2.jar;C:\Users\Admin\.m2\repository\org\checkerframework\checker-qual\3.33.0\checker-qual-3.33.0.jar;C:\Users\Admin\.m2\repository\com\google\errorprone\error_prone_annotations\2.18.0\error_prone_annotations-2.18.0.jar;C:\Users\Admin\.m2\repository\com\google\j2objc\j2objc-annotations\2.8\j2objc-annotations-2.8.jar;C:\Users\Admin\.m2\repository\org\mockito\mockito-junit-jupiter\5.5.0\mockito-junit-jupiter-5.5.0.jar;C:\Users\Admin\.m2\repository\org\mockito\mockito-core\5.5.0\mockito-core-5.5.0.jar;C:\Users\Admin\.m2\repository\net\bytebuddy\byte-buddy\1.14.6\byte-buddy-1.14.6.jar;C:\Users\Admin\.m2\repository\net\bytebuddy\byte-buddy-agent\1.14.6\byte-buddy-agent-1.14.6.jar;C:\Users\Admin\.m2\repository\org\objenesis\objenesis\3.3\objenesis-3.3.jar;C:\Users\Admin\.m2\repository\org\junit\jupiter\junit-jupiter-params\5.10.0\junit-jupiter-params-5.10.0.jar;C:\Users\Admin\.m2\repository\org\apiguardian\apiguardian-api\1.1.2\apiguardian-api-1.1.2.jar;C:\Users\Admin\.m2\repository\org\junit\jupiter\junit-jupiter-api\5.10.0\junit-jupiter-api-5.10.0.jar;C:\Users\Admin\.m2\repository\org\opentest4j\opentest4j\1.3.0\opentest4j-1.3.0.jar;C:\Users\Admin\.m2\repository\org\junit\platform\junit-platform-commons\1.10.0\junit-platform-commons-1.10.0.jar;"/>
    <property name="java.vm.vendor" value="Oracle Corporation"/>
    <property name="sun.arch.data.model" value="64"/>
    <property name="user.variant" value=""/>
    <property name="java.vendor.url" value="https://java.oracle.com/"/>
    <property name="user.timezone" value="Asia/Bangkok"/>
    <property name="os.name" value="Windows 10"/>
    <property name="java.vm.specification.version" value="17"/>
    <property name="sun.java.launcher" value="SUN_STANDARD"/>
    <property name="user.country" value="US"/>
    <property name="sun.boot.library.path" value="C:\Program Files\Java\jdk-17\bin"/>
    <property name="sun.java.command" value="org.apache.maven.surefire.booter.ForkedBooter C:\Users\Admin\AppData\Local\Temp\surefire18071040063316056548 2023-11-22T21-20-53_585-jvmRun1 surefire17048230461451765136tmp surefire_01558112686419891001tmp"/>
    <property name="jdk.debug" value="release"/>
    <property name="surefire.test.class.path" value="D:\THACH_NGUYEN\JAVA_PROGRAMING\Project_3\catpoint-parent\SecurityService\target\test-classes;C:\Users\Admin\.m2\repository\software\amazon\awssdk\annotations\2.20.148\annotations-2.20.148.jar;C:\Users\Admin\.m2\repository\software\amazon\awssdk\utils\2.20.148\utils-2.20.148.jar;C:\Users\Admin\.m2\repository\org\reactivestreams\reactive-streams\1.0.4\reactive-streams-1.0.4.jar;C:\Users\Admin\.m2\repository\software\amazon\awssdk\profiles\2.20.148\profiles-2.20.148.jar;C:\Users\Admin\.m2\repository\software\amazon\awssdk\http-client-spi\2.20.148\http-client-spi-2.20.148.jar;C:\Users\Admin\.m2\repository\software\amazon\awssdk\json-utils\2.20.148\json-utils-2.20.148.jar;C:\Users\Admin\.m2\repository\software\amazon\awssdk\third-party-jackson-core\2.20.148\third-party-jackson-core-2.20.148.jar;C:\Users\Admin\.m2\repository\software\amazon\eventstream\eventstream\1.0.1\eventstream-1.0.1.jar;C:\Users\Admin\.m2\repository\software\amazon\awssdk\aws-json-protocol\2.20.148\aws-json-protocol-2.20.148.jar;C:\Users\Admin\.m2\repository\software\amazon\awssdk\protocol-core\2.20.148\protocol-core-2.20.148.jar;C:\Users\Admin\.m2\repository\software\amazon\awssdk\aws-core\2.20.148\aws-core-2.20.148.jar;C:\Users\Admin\.m2\repository\software\amazon\awssdk\metrics-spi\2.20.148\metrics-spi-2.20.148.jar;C:\Users\Admin\.m2\repository\software\amazon\awssdk\endpoints-spi\2.20.148\endpoints-spi-2.20.148.jar;C:\Users\Admin\.m2\repository\software\amazon\awssdk\apache-client\2.20.148\apache-client-2.20.148.jar;C:\Users\Admin\.m2\repository\org\apache\httpcomponents\httpclient\4.5.13\httpclient-4.5.13.jar;C:\Users\Admin\.m2\repository\commons-logging\commons-logging\1.2\commons-logging-1.2.jar;C:\Users\Admin\.m2\repository\org\apache\httpcomponents\httpcore\4.4.13\httpcore-4.4.13.jar;C:\Users\Admin\.m2\repository\commons-codec\commons-codec\1.15\commons-codec-1.15.jar;C:\Users\Admin\.m2\repository\software\amazon\awssdk\netty-nio-client\2.20.148\netty-nio-client-2.20.148.jar;C:\Users\Admin\.m2\repository\io\netty\netty-codec-http\4.1.94.Final\netty-codec-http-4.1.94.Final.jar;C:\Users\Admin\.m2\repository\io\netty\netty-codec-http2\4.1.94.Final\netty-codec-http2-4.1.94.Final.jar;C:\Users\Admin\.m2\repository\io\netty\netty-codec\4.1.94.Final\netty-codec-4.1.94.Final.jar;C:\Users\Admin\.m2\repository\io\netty\netty-transport\4.1.94.Final\netty-transport-4.1.94.Final.jar;C:\Users\Admin\.m2\repository\io\netty\netty-common\4.1.94.Final\netty-common-4.1.94.Final.jar;C:\Users\Admin\.m2\repository\io\netty\netty-buffer\4.1.94.Final\netty-buffer-4.1.94.Final.jar;C:\Users\Admin\.m2\repository\io\netty\netty-handler\4.1.94.Final\netty-handler-4.1.94.Final.jar;C:\Users\Admin\.m2\repository\io\netty\netty-transport-native-unix-common\4.1.94.Final\netty-transport-native-unix-common-4.1.94.Final.jar;C:\Users\Admin\.m2\repository\io\netty\netty-transport-classes-epoll\4.1.94.Final\netty-transport-classes-epoll-4.1.94.Final.jar;C:\Users\Admin\.m2\repository\io\netty\netty-resolver\4.1.94.Final\netty-resolver-4.1.94.Final.jar;C:\Users\Admin\.m2\repository\com\google\guava\failureaccess\1.0.1\failureaccess-1.0.1.jar;C:\Users\Admin\.m2\repository\com\google\guava\listenablefuture\9999.0-empty-to-avoid-conflict-with-guava\listenablefuture-9999.0-empty-to-avoid-conflict-with-guava.jar;C:\Users\Admin\.m2\repository\com\google\code\findbugs\jsr305\3.0.2\jsr305-3.0.2.jar;C:\Users\Admin\.m2\repository\org\checkerframework\checker-qual\3.33.0\checker-qual-3.33.0.jar;C:\Users\Admin\.m2\repository\com\google\errorprone\error_prone_annotations\2.18.0\error_prone_annotations-2.18.0.jar;C:\Users\Admin\.m2\repository\com\google\j2objc\j2objc-annotations\2.8\j2objc-annotations-2.8.jar;C:\Users\Admin\.m2\repository\org\mockito\mockito-junit-jupiter\5.5.0\mockito-junit-jupiter-5.5.0.jar;C:\Users\Admin\.m2\repository\org\mockito\mockito-core\5.5.0\mockito-core-5.5.0.jar;C:\Users\Admin\.m2\repository\net\bytebuddy\byte-buddy\1.14.6\byte-buddy-1.14.6.jar;C:\Users\Admin\.m2\repository\net\bytebuddy\byte-buddy-agent\1.14.6\byte-buddy-agent-1.14.6.jar;C:\Users\Admin\.m2\repository\org\objenesis\objenesis\3.3\objenesis-3.3.jar;C:\Users\Admin\.m2\repository\org\junit\jupiter\junit-jupiter-params\5.10.0\junit-jupiter-params-5.10.0.jar;C:\Users\Admin\.m2\repository\org\apiguardian\apiguardian-api\1.1.2\apiguardian-api-1.1.2.jar;C:\Users\Admin\.m2\repository\org\junit\jupiter\junit-jupiter-api\5.10.0\junit-jupiter-api-5.10.0.jar;C:\Users\Admin\.m2\repository\org\opentest4j\opentest4j\1.3.0\opentest4j-1.3.0.jar;C:\Users\Admin\.m2\repository\org\junit\platform\junit-platform-commons\1.10.0\junit-platform-commons-1.10.0.jar;"/>
    <property name="sun.cpu.endian" value="little"/>
    <property name="user.home" value="C:\Users\Admin"/>
    <property name="user.language" value="en"/>
    <property name="java.specification.vendor" value="Oracle Corporation"/>
    <property name="jdk.module.path" value="D:\THACH_NGUYEN\JAVA_PROGRAMING\Project_3\catpoint-parent\SecurityService\target\classes;D:\THACH_NGUYEN\JAVA_PROGRAMING\Project_3\catpoint-parent\ImageService\target\ImageService-1.0-SNAPSHOT.jar;C:\Users\Admin\.m2\repository\software\amazon\awssdk\auth\2.20.148\auth-2.20.148.jar;C:\Users\Admin\.m2\repository\software\amazon\awssdk\sdk-core\2.20.148\sdk-core-2.20.148.jar;C:\Users\Admin\.m2\repository\software\amazon\awssdk\regions\2.20.148\regions-2.20.148.jar;C:\Users\Admin\.m2\repository\software\amazon\awssdk\rekognition\2.20.148\rekognition-2.20.148.jar;C:\Users\Admin\.m2\repository\com\google\guava\guava\32.1.2-jre\guava-32.1.2-jre.jar;C:\Users\Admin\.m2\repository\com\google\code\gson\gson\2.10.1\gson-2.10.1.jar;C:\Users\Admin\.m2\repository\com\miglayout\miglayout\3.7.4\miglayout-3.7.4.jar;C:\Users\Admin\.m2\repository\org\slf4j\slf4j-api\2.0.9\slf4j-api-2.0.9.jar"/>
    <property name="java.version.date" value="2023-07-18"/>
    <property name="java.home" value="C:\Program Files\Java\jdk-17"/>
    <property name="file.separator" value="\"/>
    <property name="basedir" value="D:\THACH_NGUYEN\JAVA_PROGRAMING\Project_3\catpoint-parent\SecurityService"/>
    <property name="java.vm.compressedOopsMode" value="32-bit"/>
    <property name="line.separator" value="&#10;"/>
    <property name="java.vm.specification.vendor" value="Oracle Corporation"/>
    <property name="java.specification.name" value="Java Platform API Specification"/>
    <property name="surefire.real.class.path" value="C:\Users\Admin\.m2\repository\org\apache\maven\surefire\surefire-booter\3.0.0-M5\surefire-booter-3.0.0-M5.jar;C:\Users\Admin\.m2\repository\org\apache\maven\surefire\surefire-api\3.0.0-M5\surefire-api-3.0.0-M5.jar;C:\Users\Admin\.m2\repository\org\apache\maven\surefire\surefire-logger-api\3.0.0-M5\surefire-logger-api-3.0.0-M5.jar;C:\Users\Admin\.m2\repository\org\apache\maven\surefire\surefire-shared-utils\3.0.0-M4\surefire-shared-utils-3.0.0-M4.jar;C:\Users\Admin\.m2\repository\org\apache\maven\surefire\surefire-extensions-spi\3.0.0-M5\surefire-extensions-spi-3.0.0-M5.jar;D:\THACH_NGUYEN\JAVA_PROGRAMING\Project_3\catpoint-parent\SecurityService\target\test-classes;C:\Users\Admin\.m2\repository\software\amazon\awssdk\annotations\2.20.148\annotations-2.20.148.jar;C:\Users\Admin\.m2\repository\software\amazon\awssdk\utils\2.20.148\utils-2.20.148.jar;C:\Users\Admin\.m2\repository\org\reactivestreams\reactive-streams\1.0.4\reactive-streams-1.0.4.jar;C:\Users\Admin\.m2\repository\software\amazon\awssdk\profiles\2.20.148\profiles-2.20.148.jar;C:\Users\Admin\.m2\repository\software\amazon\awssdk\http-client-spi\2.20.148\http-client-spi-2.20.148.jar;C:\Users\Admin\.m2\repository\software\amazon\awssdk\json-utils\2.20.148\json-utils-2.20.148.jar;C:\Users\Admin\.m2\repository\software\amazon\awssdk\third-party-jackson-core\2.20.148\third-party-jackson-core-2.20.148.jar;C:\Users\Admin\.m2\repository\software\amazon\eventstream\eventstream\1.0.1\eventstream-1.0.1.jar;C:\Users\Admin\.m2\repository\software\amazon\awssdk\aws-json-protocol\2.20.148\aws-json-protocol-2.20.148.jar;C:\Users\Admin\.m2\repository\software\amazon\awssdk\protocol-core\2.20.148\protocol-core-2.20.148.jar;C:\Users\Admin\.m2\repository\software\amazon\awssdk\aws-core\2.20.148\aws-core-2.20.148.jar;C:\Users\Admin\.m2\repository\software\amazon\awssdk\metrics-spi\2.20.148\metrics-spi-2.20.148.jar;C:\Users\Admin\.m2\repository\software\amazon\awssdk\endpoints-spi\2.20.148\endpoints-spi-2.20.148.jar;C:\Users\Admin\.m2\repository\software\amazon\awssdk\apache-client\2.20.148\apache-client-2.20.148.jar;C:\Users\Admin\.m2\repository\org\apache\httpcomponents\httpclient\4.5.13\httpclient-4.5.13.jar;C:\Users\Admin\.m2\repository\commons-logging\commons-logging\1.2\commons-logging-1.2.jar;C:\Users\Admin\.m2\repository\org\apache\httpcomponents\httpcore\4.4.13\httpcore-4.4.13.jar;C:\Users\Admin\.m2\repository\commons-codec\commons-codec\1.15\commons-codec-1.15.jar;C:\Users\Admin\.m2\repository\software\amazon\awssdk\netty-nio-client\2.20.148\netty-nio-client-2.20.148.jar;C:\Users\Admin\.m2\repository\io\netty\netty-codec-http\4.1.94.Final\netty-codec-http-4.1.94.Final.jar;C:\Users\Admin\.m2\repository\io\netty\netty-codec-http2\4.1.94.Final\netty-codec-http2-4.1.94.Final.jar;C:\Users\Admin\.m2\repository\io\netty\netty-codec\4.1.94.Final\netty-codec-4.1.94.Final.jar;C:\Users\Admin\.m2\repository\io\netty\netty-transport\4.1.94.Final\netty-transport-4.1.94.Final.jar;C:\Users\Admin\.m2\repository\io\netty\netty-common\4.1.94.Final\netty-common-4.1.94.Final.jar;C:\Users\Admin\.m2\repository\io\netty\netty-buffer\4.1.94.Final\netty-buffer-4.1.94.Final.jar;C:\Users\Admin\.m2\repository\io\netty\netty-handler\4.1.94.Final\netty-handler-4.1.94.Final.jar;C:\Users\Admin\.m2\repository\io\netty\netty-transport-native-unix-common\4.1.94.Final\netty-transport-native-unix-common-4.1.94.Final.jar;C:\Users\Admin\.m2\repository\io\netty\netty-transport-classes-epoll\4.1.94.Final\netty-transport-classes-epoll-4.1.94.Final.jar;C:\Users\Admin\.m2\repository\io\netty\netty-resolver\4.1.94.Final\netty-resolver-4.1.94.Final.jar;C:\Users\Admin\.m2\repository\com\google\guava\failureaccess\1.0.1\failureaccess-1.0.1.jar;C:\Users\Admin\.m2\repository\com\google\guava\listenablefuture\9999.0-empty-to-avoid-conflict-with-guava\listenablefuture-9999.0-empty-to-avoid-conflict-with-guava.jar;C:\Users\Admin\.m2\repository\com\google\code\findbugs\jsr305\3.0.2\jsr305-3.0.2.jar;C:\Users\Admin\.m2\repository\org\checkerframework\checker-qual\3.33.0\checker-qual-3.33.0.jar;C:\Users\Admin\.m2\repository\com\google\errorprone\error_prone_annotations\2.18.0\error_prone_annotations-2.18.0.jar;C:\Users\Admin\.m2\repository\com\google\j2objc\j2objc-annotations\2.8\j2objc-annotations-2.8.jar;C:\Users\Admin\.m2\repository\org\mockito\mockito-junit-jupiter\5.5.0\mockito-junit-jupiter-5.5.0.jar;C:\Users\Admin\.m2\repository\org\mockito\mockito-core\5.5.0\mockito-core-5.5.0.jar;C:\Users\Admin\.m2\repository\net\bytebuddy\byte-buddy\1.14.6\byte-buddy-1.14.6.jar;C:\Users\Admin\.m2\repository\net\bytebuddy\byte-buddy-agent\1.14.6\byte-buddy-agent-1.14.6.jar;C:\Users\Admin\.m2\repository\org\objenesis\objenesis\3.3\objenesis-3.3.jar;C:\Users\Admin\.m2\repository\org\junit\jupiter\junit-jupiter-params\5.10.0\junit-jupiter-params-5.10.0.jar;C:\Users\Admin\.m2\repository\org\apiguardian\apiguardian-api\1.1.2\apiguardian-api-1.1.2.jar;C:\Users\Admin\.m2\repository\org\junit\jupiter\junit-jupiter-api\5.10.0\junit-jupiter-api-5.10.0.jar;C:\Users\Admin\.m2\repository\org\opentest4j\opentest4j\1.3.0\opentest4j-1.3.0.jar;C:\Users\Admin\.m2\repository\org\junit\platform\junit-platform-commons\1.10.0\junit-platform-commons-1.10.0.jar;C:\Users\Admin\.m2\repository\org\apache\maven\surefire\surefire-junit-platform\3.0.0-M5\surefire-junit-platform-3.0.0-M5.jar;C:\Users\Admin\.m2\repository\org\apache\maven\surefire\common-java5\3.0.0-M5\common-java5-3.0.0-M5.jar;C:\Users\Admin\.m2\repository\org\junit\platform\junit-platform-launcher\1.10.0\junit-platform-launcher-1.10.0.jar;C:\Users\Admin\.m2\repository\org\junit\platform\junit-platform-engine\1.10.0\junit-platform-engine-1.10.0.jar;C:\Users\Admin\.m2\repository\org\junit\jupiter\junit-jupiter-engine\5.10.0\junit-jupiter-engine-5.10.0.jar"/>
    <property name="user.script" value=""/>
    <property name="sun.management.compiler" value="HotSpot 64-Bit Tiered Compilers"/>
    <property name="java.runtime.version" value="17.0.8+9-LTS-211"/>
    <property name="user.name" value="Admin"/>
    <property name="path.separator" value=";"/>
    <property name="os.version" value="10.0"/>
    <property name="java.runtime.name" value="Java(TM) SE Runtime Environment"/>
    <property name="file.encoding" value="Cp1252"/>
    <property name="java.vm.name" value="Java HotSpot(TM) 64-Bit Server VM"/>
    <property name="localRepository" value="C:\Users\Admin\.m2\repository"/>
    <property name="java.vendor.url.bug" value="https://bugreport.java.com/bugreport/"/>
    <property name="java.io.tmpdir" value="C:\Users\Admin\AppData\Local\Temp\"/>
    <property name="idea.version" value="2023.2.4"/>
    <property name="java.version" value="17.0.8"/>
    <property name="user.dir" value="D:\THACH_NGUYEN\JAVA_PROGRAMING\Project_3\catpoint-parent\SecurityService"/>
    <property name="os.arch" value="amd64"/>
    <property name="java.vm.specification.name" value="Java Virtual Machine Specification"/>
    <property name="sun.os.patch.level" value=""/>
    <property name="native.encoding" value="Cp1252"/>
    <property name="java.library.path" value="C:\Program Files\Java\jdk-17\bin;C:\WINDOWS\Sun\Java\bin;C:\WINDOWS\system32;C:\WINDOWS;C:\Program Files\Common Files\Oracle\Java\javapath;C:\Program Files\7zip;C:\Program Files (x86)\Common Files\Oracle\Java\javapath;C:\WINDOWS\system32;C:\WINDOWS;C:\WINDOWS\System32\Wbem;C:\WINDOWS\System32\WindowsPowerShell\v1.0\;C:\WINDOWS\System32\OpenSSH\;C:\Program Files\Microsoft SQL Server\130\Tools\Binn\;C:\Program Files\Microsoft SQL Server\Client SDK\ODBC\170\Tools\Binn\;C:\Program Files (x86)\Microsoft SQL Server\150\Tools\Binn\;C:\Program Files\Microsoft SQL Server\150\Tools\Binn\;C:\Program Files\Microsoft SQL Server\150\DTS\Binn\;C:\Program Files (x86)\Microsoft SQL Server\150\DTS\Binn\;C:\Program Files\Azure Data Studio\bin;C:\Program Files\TortoiseSVN\bin;C:\Program Files (x86)\dotnet\;C:\Program Files\Git\cmd;C:\opt\apache-maven-3.9.4\bin;C:\Program Files\Java\jdk-17\bin;C:\Program Files\Amazon\AWSCLIV2\;C:\Users\Admin\AppData\Roaming\nvm;C:\Program Files\nodejs;%PSQL_HOME%\bin;;C:\Program Files\Docker\Docker\resources\bin;C:\Users\Admin\AppData\Local\Programs\Python\Python38\Scripts\;C:\Users\Admin\AppData\Local\Programs\Python\Python38\;C:\Users\Admin\AppData\Local\Microsoft\WindowsApps;C:\Program Files\Azure Data Studio\bin;C:\Users\Admin\AppData\Local\Programs\Microsoft VS Code\bin;C:\Program Files\JetBrains\IntelliJ IDEA Community Edition 2023.1.3\bin;;C:\Users\Admin\.ebcli-virtual-env\executables;C:\Program Files\7zip;C:\Users\Admin\AppData\Roaming\nvm;C:\Program Files\nodejs;C:\Program Files\PostgreSQL\15\bin;C:\Program Files\MySQL\MySQL Server 8.1\bin;;."/>
    <property name="java.vm.info" value="mixed mode"/>
    <property name="java.vendor" value="Oracle Corporation"/>
    <property name="java.vm.version" value="17.0.8+9-LTS-211"/>
    <property name="sun.io.unicode.encoding" value="UnicodeLittle"/>
    <property name="java.class.version" value="61.0"/>
  </properties>
  <testcase name="removeStatusListener" classname="com.udacity.catpoint.security.service.SecurityServiceTest" time="6.426"/>
  <testcase name="removeSensor" classname="com.udacity.catpoint.security.service.SecurityServiceTest" time="0.239"/>
  <testcase name="alarmStatusPendingActive_sensorsInactive_alarmStatusPending" classname="com.udacity.catpoint.security.service.SecurityServiceTest" time="0.354"/>
  <testcase name="addSensor" classname="com.udacity.catpoint.security.service.SecurityServiceTest" time="0.015"/>
  <testcase name="addStatusListener" classname="com.udacity.catpoint.security.service.SecurityServiceTest" time="0.073"/>
  <testcase name="setArmingStatus(String)[1]" classname="com.udacity.catpoint.security.service.SecurityServiceTest" time="0.155"/>
  <testcase name="setArmingStatus(String)[2]" classname="com.udacity.catpoint.security.service.SecurityServiceTest" time="0.045"/>
  <testcase name="setArmingStatus(String)[3]" classname="com.udacity.catpoint.security.service.SecurityServiceTest" time="0.05"/>
  <testcase name="changeSensorActivationStatus(String)[1]" classname="com.udacity.catpoint.security.service.SecurityServiceTest" time="0.072"/>
  <testcase name="changeSensorActivationStatus(String)[2]" classname="com.udacity.catpoint.security.service.SecurityServiceTest" time="0.059"/>
  <testcase name="changeSensorActivationStatus(String)[3]" classname="com.udacity.catpoint.security.service.SecurityServiceTest" time="0.065"/>
  <testcase name="changeSensorActivationStatus(String)[4]" classname="com.udacity.catpoint.security.service.SecurityServiceTest" time="0.018"/>
  <testcase name="changeSensorActivationStatus(String)[5]" classname="com.udacity.catpoint.security.service.SecurityServiceTest" time="0.024"/>
  <testcase name="changeSensorActivationStatus(String)[6]" classname="com.udacity.catpoint.security.service.SecurityServiceTest" time="0.011"/>
  <testcase name="processImage(String)[1]" classname="com.udacity.catpoint.security.service.SecurityServiceTest" time="0.678"/>
  <testcase name="processImage(String)[2]" classname="com.udacity.catpoint.security.service.SecurityServiceTest" time="0.034"/>
  <testcase name="processImage(String)[3]" classname="com.udacity.catpoint.security.service.SecurityServiceTest" time="0.013"/>
</testsuite>